<?xml version="1.0" encoding="UTF-8"?>
<testsuite name="org.assignment1.TestLectureManagement" tests="2" skipped="0" failures="0" errors="0" timestamp="2022-10-15T12:52:14" hostname="S031PC143" time="0.015">
  <properties/>
  <testcase name="testGenerateUsernameLecturer()" classname="org.assignment1.TestLectureManagement" time="0.014"/>
  <testcase name="testGenerateUsernameStudent()" classname="org.assignment1.TestLectureManagement" time="0.001"/>
  <system-out><![CDATA[]]></system-out>
  <system-err><![CDATA[]]></system-err>
</testsuite>
